Goujia/build/outputs/logs/manifest-merger-debug-report.txt
-- Merging decision tree log ---
manifest
ADDED from src\main\AndroidManifest.xml:2:1-220:12
	package
		ADDED from src\main\AndroidManifest.xml:3:5-29
		INJECTED from src\main\AndroidManifest.xml
		INJECTED from src\main\AndroidManifest.xml
	android:versionName
		ADDED from src\main\AndroidManifest.xml:5:5-30
		INJECTED from src\main\AndroidManifest.xml
		INJECTED from src\main\AndroidManifest.xml
	android:versionCode
		ADDED from src\main\AndroidManifest.xml:4:5-28
		INJECTED from src\main\AndroidManifest.xml
		INJECTED from src\main\AndroidManifest.xml
	xmlns:android
		ADDED from src\main\AndroidManifest.xml:2:11-69
uses-sdk
ADDED from src\main\AndroidManifest.xml:7:5-9:41
MERGED from [com.android.support:support-v4:23.4.0] AndroidManifest.xml:20:5-43
	android:targetSdkVersion
		ADDED from src\main\AndroidManifest.xml:9:9-38
		INJECTED from src\main\AndroidManifest.xml
		INJECTED from src\main\AndroidManifest.xml
	android:minSdkVersion
		ADDED from src\main\AndroidManifest.xml:8:9-34
		INJECTED from src\main\AndroidManifest.xml
		INJECTED from src\main\AndroidManifest.xml
uses-permission#android.permission.WRITE_EXTERNAL_STORAGE
ADDED from src\main\AndroidManifest.xml:11:5-81
	android:name
		ADDED from src\main\AndroidManifest.xml:11:22-78
uses-permission#android.permission.MOUNT_UNMOUNT_FILESYSTEMS
ADDED from src\main\AndroidManifest.xml:12:5-84
	android:name
		ADDED from src\main\AndroidManifest.xml:12:22-81
uses-permission#android.permission.ACCESS_COARSE_LOCATION
ADDED from src\main\AndroidManifest.xml:13:5-81
	android:name
		ADDED from src\main\AndroidManifest.xml:13:22-78
uses-permission#android.permission.ACCESS_FINE_LOCATION
ADDED from src\main\AndroidManifest.xml:14:5-79
	android:name
		ADDED from src\main\AndroidManifest.xml:14:22-76
uses-permission#android.permission.ACCESS_WIFI_STATE
ADDED from src\main\AndroidManifest.xml:15:5-76
	android:name
		ADDED from src\main\AndroidManifest.xml:15:22-73
uses-permission#android.permission.ACCESS_NETWORK_STATE
ADDED from src\main\AndroidManifest.xml:16:5-79
	android:name
		ADDED from src\main\AndroidManifest.xml:16:22-76
uses-permission#android.permission.CHANGE_WIFI_STATE
ADDED from src\main\AndroidManifest.xml:17:5-76
	android:name
		ADDED from src\main\AndroidManifest.xml:17:22-73
uses-permission#android.permission.READ_PHONE_STATE
ADDED from src\main\AndroidManifest.xml:18:5-75
	android:name
		ADDED from src\main\AndroidManifest.xml:18:22-72
uses-permission#android.permission.INTERNET
ADDED from src\main\AndroidManifest.xml:20:5-67
	android:name
		ADDED from src\main\AndroidManifest.xml:20:22-64
uses-permission#android.permission.READ_LOGS
ADDED from src\main\AndroidManifest.xml:22:5-68
	android:name
		ADDED from src\main\AndroidManifest.xml:22:22-65
uses-permission#android.permission.VIBRATE
ADDED from src\main\AndroidManifest.xml:23:5-66
	android:name
		ADDED from src\main\AndroidManifest.xml:23:22-63
uses-permission#android.permission.WAKE_LOCK
ADDED from src\main\AndroidManifest.xml:24:5-68
	android:name
		ADDED from src\main\AndroidManifest.xml:24:22-65
uses-permission#android.permission.WRITE_SETTINGS
ADDED from src\main\AndroidManifest.xml:25:5-73
	android:name
		ADDED from src\main\AndroidManifest.xml:25:22-70
uses-permission#android.permission.GET_TASKS
ADDED from src\main\AndroidManifest.xml:27:5-68
	android:name
		ADDED from src\main\AndroidManifest.xml:27:22-65
uses-permission#android.permission.SYSTEM_ALERT_WINDOW
ADDED from src\main\AndroidManifest.xml:29:5-78
	android:name
		ADDED from src\main\AndroidManifest.xml:29:22-75
application
ADDED from src\main\AndroidManifest.xml:31:5-218:19
MERGED from [com.android.support:support-v4:23.4.0] AndroidManifest.xml:22:5-20
	android:label
		ADDED from src\main\AndroidManifest.xml:35:9-41
	android:allowBackup
		ADDED from src\main\AndroidManifest.xml:33:9-35
	android:icon
		ADDED from src\main\AndroidManifest.xml:34:9-45
	android:theme
		ADDED from src\main\AndroidManifest.xml:36:9-62
	android:name
		ADDED from src\main\AndroidManifest.xml:32:9-42
activity#com.clw.goujia.LoadingAc
ADDED from src\main\AndroidManifest.xml:37:9-45:20
	android:label
		ADDED from src\main\AndroidManifest.xml:39:13-45
	android:name
		ADDED from src\main\AndroidManifest.xml:38:13-52
intent-filter#android.intent.action.MAIN+android.intent.category.LAUNCHER
ADDED from src\main\AndroidManifest.xml:40:13-44:29
action#android.intent.action.MAIN
ADDED from src\main\AndroidManifest.xml:41:17-69
	android:name
		ADDED from src\main\AndroidManifest.xml:41:25-66
category#android.intent.category.LAUNCHER
ADDED from src\main\AndroidManifest.xml:43:17-77
	android:name
		ADDED from src\main\AndroidManifest.xml:43:27-74
activity#com.clw.goujia.WelcomeAc
ADDED from src\main\AndroidManifest.xml:46:9-50:20
	android:screenOrientation
		ADDED from src\main\AndroidManifest.xml:49:13-49
	android:launchMode
		ADDED from src\main\AndroidManifest.xml:48:13-44
	android:name
		ADDED from src\main\AndroidManifest.xml:47:13-52
activity#com.clw.goujia.home.HomeAc
ADDED from src\main\AndroidManifest.xml:53:9-57:20
	android:screenOrientation
		ADDED from src\main\AndroidManifest.xml:56:13-49
	android:launchMode
		ADDED from src\main\AndroidManifest.xml:55:13-44
	android:name
		ADDED from src\main\AndroidManifest.xml:54:13-54
activity#com.clw.goujia.gjbk.GjbkListAc
ADDED from src\main\AndroidManifest.xml:60:9-64:20
	android:screenOrientation
		ADDED from src\main\AndroidManifest.xml:63:13-49
	android:launchMode
		ADDED from src\main\AndroidManifest.xml:62:13-44
	android:name
		ADDED from src\main\AndroidManifest.xml:61:13-58
activity#com.clw.goujia.cases.CaseAc
ADDED from src\main\AndroidManifest.xml:67:9-71:20
	android:screenOrientation
		ADDED from src\main\AndroidManifest.xml:70:13-49
	android:launchMode
		ADDED from src\main\AndroidManifest.xml:69:13-44
	android:name
		ADDED from src\main\AndroidManifest.xml:68:13-55
activity#com.clw.goujia.home.PersonalAc
ADDED from src\main\AndroidManifest.xml:74:9-78:20
	android:screenOrientation
		ADDED from src\main\AndroidManifest.xml:77:13-49
	android:launchMode
		ADDED from src\main\AndroidManifest.xml:76:13-44
	android:name
		ADDED from src\main\AndroidManifest.xml:75:13-58
activity#com.clw.goujia.gjbk.GjbkDetails
ADDED from src\main\AndroidManifest.xml:81:9-85:20
	android:screenOrientation
		ADDED from src\main\AndroidManifest.xml:84:13-49
	android:launchMode
		ADDED from src\main\AndroidManifest.xml:83:13-44
	android:name
		ADDED from src\main\AndroidManifest.xml:82:13-59
activity#com.clw.goujia.gjbk.ChooseStoreAc
ADDED from src\main\AndroidManifest.xml:88:9-92:20
	android:screenOrientation
		ADDED from src\main\AndroidManifest.xml:91:13-49
	android:launchMode
		ADDED from src\main\AndroidManifest.xml:90:13-44
	android:name
		ADDED from src\main\AndroidManifest.xml:89:13-61
activity#com.clw.goujia.gjbk.BuyAc
ADDED from src\main\AndroidManifest.xml:94:9-98:20
	android:screenOrientation
		ADDED from src\main\AndroidManifest.xml:97:13-49
	android:launchMode
		ADDED from src\main\AndroidManifest.xml:96:13-44
	android:name
		ADDED from src\main\AndroidManifest.xml:95:13-53
activity#com.clw.goujia.baike.BaikeAc
ADDED from src\main\AndroidManifest.xml:101:9-105:20
	android:screenOrientation
		ADDED from src\main\AndroidManifest.xml:104:13-49
	android:launchMode
		ADDED from src\main\AndroidManifest.xml:103:13-44
	android:name
		ADDED from src\main\AndroidManifest.xml:102:13-56
activity#com.clw.goujia.setup.SetupAc
ADDED from src\main\AndroidManifest.xml:107:9-111:20
	android:screenOrientation
		ADDED from src\main\AndroidManifest.xml:110:13-49
	android:launchMode
		ADDED from src\main\AndroidManifest.xml:109:13-44
	android:name
		ADDED from src\main\AndroidManifest.xml:108:13-56
activity#com.clw.goujia.gjbk.BigImageAc
ADDED from src\main\AndroidManifest.xml:113:9-117:20
	android:screenOrientation
		ADDED from src\main\AndroidManifest.xml:116:13-49
	android:launchMode
		ADDED from src\main\AndroidManifest.xml:115:13-44
	android:name
		ADDED from src\main\AndroidManifest.xml:114:13-58
activity#com.clw.goujia.baike.SearchAc
ADDED from src\main\AndroidManifest.xml:120:9-124:20
	android:screenOrientation
		ADDED from src\main\AndroidManifest.xml:123:13-49
	android:launchMode
		ADDED from src\main\AndroidManifest.xml:122:13-44
	android:name
		ADDED from src\main\AndroidManifest.xml:121:13-57
activity#com.clw.goujia.home.SwitchCityAc
ADDED from src\main\AndroidManifest.xml:127:9-131:20
	android:screenOrientation
		ADDED from src\main\AndroidManifest.xml:130:13-49
	android:launchMode
		ADDED from src\main\AndroidManifest.xml:129:13-44
	android:name
		ADDED from src\main\AndroidManifest.xml:128:13-60
activity#com.clw.goujia.home.LoginAc
ADDED from src\main\AndroidManifest.xml:134:9-138:20
	android:screenOrientation
		ADDED from src\main\AndroidManifest.xml:137:13-49
	android:launchMode
		ADDED from src\main\AndroidManifest.xml:136:13-44
	android:name
		ADDED from src\main\AndroidManifest.xml:135:13-55
activity#com.clw.goujia.setup.FeedBackAc
ADDED from src\main\AndroidManifest.xml:141:9-145:20
	android:screenOrientation
		ADDED from src\main\AndroidManifest.xml:144:13-49
	android:launchMode
		ADDED from src\main\AndroidManifest.xml:143:13-44
	android:name
		ADDED from src\main\AndroidManifest.xml:142:13-59
activity#com.clw.goujia.setup.MyCollectAc
ADDED from src\main\AndroidManifest.xml:148:9-152:20
	android:screenOrientation
		ADDED from src\main\AndroidManifest.xml:151:13-49
	android:launchMode
		ADDED from src\main\AndroidManifest.xml:150:13-44
	android:name
		ADDED from src\main\AndroidManifest.xml:149:13-60
activity#com.clw.goujia.community.CommunityAc
ADDED from src\main\AndroidManifest.xml:155:9-159:20
	android:screenOrientation
		ADDED from src\main\AndroidManifest.xml:158:13-49
	android:launchMode
		ADDED from src\main\AndroidManifest.xml:157:13-44
	android:name
		ADDED from src\main\AndroidManifest.xml:156:13-64
activity#com.clw.goujia.community.SpecialComAc
ADDED from src\main\AndroidManifest.xml:162:9-167:20
	android:screenOrientation
		ADDED from src\main\AndroidManifest.xml:165:13-49
	android:launchMode
		ADDED from src\main\AndroidManifest.xml:164:13-44
	android:windowSoftInputMode
		ADDED from src\main\AndroidManifest.xml:166:13-64
	android:name
		ADDED from src\main\AndroidManifest.xml:163:13-65
activity#com.clw.goujia.gjbk.BkVRAc
ADDED from src\main\AndroidManifest.xml:170:9-174:20
	android:hardwareAccelerated
		ADDED from src\main\AndroidManifest.xml:172:13-47
	android:launchMode
		ADDED from src\main\AndroidManifest.xml:173:13-44
	android:name
		ADDED from src\main\AndroidManifest.xml:171:13-54
activity#com.clw.goujia.cases.ShiGongAc
ADDED from src\main\AndroidManifest.xml:177:9-181:20
	android:screenOrientation
		ADDED from src\main\AndroidManifest.xml:180:13-49
	android:launchMode
		ADDED from src\main\AndroidManifest.xml:179:13-44
	android:name
		ADDED from src\main\AndroidManifest.xml:178:13-58
activity#com.clw.goujia.cases.ZhuangXiuAc
ADDED from src\main\AndroidManifest.xml:184:9-188:20
	android:screenOrientation
		ADDED from src\main\AndroidManifest.xml:187:13-49
	android:launchMode
		ADDED from src\main\AndroidManifest.xml:186:13-44
	android:name
		ADDED from src\main\AndroidManifest.xml:185:13-60
activity#com.clw.goujia.baike.JianCaiAc
ADDED from src\main\AndroidManifest.xml:191:9-195:20
	android:screenOrientation
		ADDED from src\main\AndroidManifest.xml:194:13-49
	android:launchMode
		ADDED from src\main\AndroidManifest.xml:193:13-44
	android:name
		ADDED from src\main\AndroidManifest.xml:192:13-58
activity#com.clw.goujia.baike.ShejiAc
ADDED from src\main\AndroidManifest.xml:198:9-202:20
	android:screenOrientation
		ADDED from src\main\AndroidManifest.xml:201:13-49
	android:launchMode
		ADDED from src\main\AndroidManifest.xml:200:13-44
	android:name
		ADDED from src\main\AndroidManifest.xml:199:13-56
activity#com.clw.goujia.baike.ZhuangXiuBkAc
ADDED from src\main\AndroidManifest.xml:205:9-209:20
	android:screenOrientation
		ADDED from src\main\AndroidManifest.xml:208:13-49
	android:launchMode
		ADDED from src\main\AndroidManifest.xml:207:13-44
	android:name
		ADDED from src\main\AndroidManifest.xml:206:13-62
activity#com.clw.goujia.cases.CaseDetailsAc
ADDED from src\main\AndroidManifest.xml:212:9-216:20
	android:screenOrientation
		ADDED from src\main\AndroidManifest.xml:215:13-49
	android:launchMode
		ADDED from src\main\AndroidManifest.xml:214:13-44
	android:name
		ADDED from src\main\AndroidManifest.xml:213:13-62